<?xml version="1.0" encoding="UTF-8"?>
<testng-results ignored="0" total="1" passed="1" failed="0" skipped="0">
  <reporter-output>
  </reporter-output>
  <suite started-at="2018-02-18T21:38:55Z" name="Suite" finished-at="2018-02-18T21:39:02Z" duration-ms="7206">
    <groups>
    </groups>
    <test started-at="2018-02-18T21:38:55Z" name="Test" finished-at="2018-02-18T21:39:02Z" duration-ms="7206">
      <class name="test.Selenium_Jenkins_Integration">
        <test-method is-config="true" signature="setUp()[pri:0, instance:test.Selenium_Jenkins_Integration@19b89d4]" started-at="2018-02-18T16:38:55Z" name="setUp" finished-at="2018-02-18T16:38:59Z" duration-ms="4503" status="PASS">
          <reporter-output>
          </reporter-output>
        </test-method> <!-- setUp -->
        <test-method signature="test()[pri:0, instance:test.Selenium_Jenkins_Integration@19b89d4]" started-at="2018-02-18T16:38:59Z" name="test" finished-at="2018-02-18T16:39:01Z" duration-ms="1964" status="PASS">
          <reporter-output>
          </reporter-output>
        </test-method> <!-- test -->
        <test-method is-config="true" signature="tearDown()[pri:0, instance:test.Selenium_Jenkins_Integration@19b89d4]" started-at="2018-02-18T16:39:01Z" name="tearDown" finished-at="2018-02-18T16:39:02Z" duration-ms="706" status="PASS">
          <reporter-output>
          </reporter-output>
        </test-method> <!-- tearDown -->
      </class> <!-- test.Selenium_Jenkins_Integration -->
    </test> <!-- Test -->
  </suite> <!-- Suite -->
</testng-results>
