<?xml version="1.0" encoding="UTF-8"?>
<testng-results ignored="0" total="1" passed="1" failed="0" skipped="0">
  <reporter-output>
  </reporter-output>
  <suite started-at="2018-02-21T04:48:07Z" name="Default suite" finished-at="2018-02-21T04:48:17Z" duration-ms="9976">
    <groups>
    </groups>
    <test started-at="2018-02-21T04:48:07Z" name="Default test" finished-at="2018-02-21T04:48:17Z" duration-ms="9976">
      <class name="test.Selenium_Jenkins_Integration">
        <test-method is-config="true" signature="setUp()[pri:0, instance:test.Selenium_Jenkins_Integration@7494f96a]" started-at="2018-02-20T23:48:07Z" name="setUp" finished-at="2018-02-20T23:48:14Z" duration-ms="7121" status="PASS">
          <reporter-output>
          </reporter-output>
        </test-method> <!-- setUp -->
        <test-method signature="test()[pri:0, instance:test.Selenium_Jenkins_Integration@7494f96a]" started-at="2018-02-20T23:48:14Z" name="test" finished-at="2018-02-20T23:48:16Z" duration-ms="2047" status="PASS">
          <reporter-output>
          </reporter-output>
        </test-method> <!-- test -->
        <test-method is-config="true" signature="tearDown()[pri:0, instance:test.Selenium_Jenkins_Integration@7494f96a]" started-at="2018-02-20T23:48:16Z" name="tearDown" finished-at="2018-02-20T23:48:17Z" duration-ms="778" status="PASS">
          <reporter-output>
          </reporter-output>
        </test-method> <!-- tearDown -->
      </class> <!-- test.Selenium_Jenkins_Integration -->
    </test> <!-- Default test -->
  </suite> <!-- Default suite -->
</testng-results>
